0 info it worked if it ends with ok
1 verbose cli [ 'C:\\Program Files\\nodejs\\node.exe',
1 verbose cli   'C:\\Program Files\\nodejs\\node_modules\\npm\\bin\\npm-cli.js',
1 verbose cli   'start' ]
2 info using npm@4.0.5
3 info using node@v7.4.0
4 verbose run-script [ 'prestart', 'start', 'poststart' ]
5 info lifecycle dtang@1.0.0~prestart: dtang@1.0.0
6 silly lifecycle dtang@1.0.0~prestart: no script for prestart, continuing
7 info lifecycle dtang@1.0.0~start: dtang@1.0.0
8 verbose lifecycle dtang@1.0.0~start: unsafe-perm in lifecycle true
9 verbose lifecycle dtang@1.0.0~start: PATH: C:\Program Files\nodejs\node_modules\npm\bin\node-gyp-bin;C:\Users\DevOps-JoelT\Desktop\pizzeria-app\pizzeria-website\node_modules\.bin;C:\spring-1.4.4.RELEASE\bin;C:\groovy-2.4.8\bin;C:\apache-maven-3.3.9\bin;C:\Program Files\Java\jdk1.8.0_91;C:\Program Files\Java\jdk1.8.0_91\bin;C:\ProgramData\Oracle\Java\javapath;C:\Windows\system32;C:\Windows;C:\Windows\System32\Wbem;C:\Windows\System32\WindowsPowerShell\v1.0\;C:\Program Files (x86)\NVIDIA Corporation\PhysX\Common;C:\Program Files\Intel\WiFi\bin\;C:\Program Files\Common Files\Intel\WirelessCommon\;C:\Program Files (x86)\Git\cmd;C:\Program Files\nodejs\;C:\Program Files\Intel\WiFi\bin\;C:\Program Files\Common Files\Intel\WirelessCommon\;C:\Program Files (x86)\Microsoft VS Code\bin;C:\Users\DevOps-JoelT\AppData\Roaming\npm
10 verbose lifecycle dtang@1.0.0~start: CWD: C:\Users\DevOps-JoelT\Desktop\pizzeria-app\pizzeria-website
11 silly lifecycle dtang@1.0.0~start: Args: [ '/d /s /c',
11 silly lifecycle   'webpack-dev-server --content-base public --hot --inline --history-api-fallback' ]
12 verbose stack Error: kill ENOSYS
12 verbose stack     at exports._errnoException (util.js:1022:11)
12 verbose stack     at process.kill (internal/process.js:173:13)
12 verbose stack     at process.listener (C:\Program Files\nodejs\node_modules\npm\node_modules\npmlog\node_modules\gauge\node_modules\signal-exit\index.js:86:15)
12 verbose stack     at emitNone (events.js:91:20)
12 verbose stack     at process.emit (events.js:185:7)
12 verbose stack     at processEmit (C:\Program Files\nodejs\node_modules\npm\node_modules\npmlog\node_modules\gauge\node_modules\signal-exit\index.js:146:32)
12 verbose stack     at processEmit (C:\Program Files\nodejs\node_modules\npm\node_modules\npm-registry-client\node_modules\npmlog\node_modules\gauge\node_modules\signal-exit\index.js:146:32)
12 verbose stack     at Signal.wrap.onsignal (internal/process.js:200:44)
13 verbose cwd C:\Users\DevOps-JoelT\Desktop\pizzeria-app\pizzeria-website
14 error Windows_NT 6.1.7601
15 error argv "C:\\Program Files\\nodejs\\node.exe" "C:\\Program Files\\nodejs\\node_modules\\npm\\bin\\npm-cli.js" "start"
16 error node v7.4.0
17 error npm  v4.0.5
18 error code ENOSYS
19 error errno ENOSYS
20 error syscall kill
21 error kill ENOSYS
22 error If you need help, you may report this error at:
22 error     <https://github.com/npm/npm/issues>
23 verbose exit [ 1, true ]
